mode: set
github.com/honeydipper/honeydipper/v3/pkg/workflow/activate.go:119.35,122.50 3 0
github.com/honeydipper/honeydipper/v3/pkg/workflow/activate.go:122.50,124.3 1 0
github.com/honeydipper/honeydipper/v3/pkg/workflow/activate.go:125.2,125.25 1 0
github.com/honeydipper/honeydipper/v3/pkg/workflow/activate.go:125.25,127.50 2 0
github.com/honeydipper/honeydipper/v3/pkg/workflow/activate.go:127.50,129.4 1 0
github.com/honeydipper/honeydipper/v3/pkg/workflow/activate.go:135.30,137.12 2 0
github.com/honeydipper/honeydipper/v3/pkg/workflow/activate.go:137.12,139.119 2 0
github.com/honeydipper/honeydipper/v3/pkg/workflow/activate.go:139.119,149.4 8 0
github.com/honeydipper/honeydipper/v3/pkg/workflow/activate.go:151.3,151.71 1 0
github.com/honeydipper/honeydipper/v3/pkg/workflow/activate.go:151.71,153.52 2 0
github.com/honeydipper/honeydipper/v3/pkg/workflow/activate.go:153.52,157.5 2 0
github.com/honeydipper/honeydipper/v3/pkg/workflow/activate.go:160.3,160.15 1 0
github.com/honeydipper/honeydipper/v3/pkg/workflow/activate.go:166.30,167.136 1 0
github.com/honeydipper/honeydipper/v3/pkg/workflow/activate.go:167.136,169.3 1 0
github.com/honeydipper/honeydipper/v3/pkg/workflow/activate.go:170.2,171.9 2 0
github.com/honeydipper/honeydipper/v3/pkg/workflow/activate.go:172.42,173.9 1 0
github.com/honeydipper/honeydipper/v3/pkg/workflow/activate.go:174.43,175.14 1 0
github.com/honeydipper/honeydipper/v3/pkg/workflow/activate.go:176.17,179.9 2 0
github.com/honeydipper/honeydipper/v3/pkg/workflow/activate.go:182.2,189.17 2 0
github.com/honeydipper/honeydipper/v3/pkg/workflow/activate.go:190.24,191.23 1 0
github.com/honeydipper/honeydipper/v3/pkg/workflow/activate.go:192.28,194.32 2 0
github.com/honeydipper/honeydipper/v3/pkg/workflow/activate.go:194.32,196.34 2 0
github.com/honeydipper/honeydipper/v3/pkg/workflow/activate.go:196.34,198.5 1 0
github.com/honeydipper/honeydipper/v3/pkg/workflow/activate.go:200.29,202.36 2 0
github.com/honeydipper/honeydipper/v3/pkg/workflow/activate.go:203.26,205.51 2 0
github.com/honeydipper/honeydipper/v3/pkg/workflow/activate.go:205.51,208.9 2 0
github.com/honeydipper/honeydipper/v3/pkg/workflow/activate.go:210.3,211.93 2 0
github.com/honeydipper/honeydipper/v3/pkg/workflow/activate.go:212.26,213.25 1 0
github.com/honeydipper/honeydipper/v3/pkg/workflow/activate.go:214.26,217.26 2 0
github.com/honeydipper/honeydipper/v3/pkg/workflow/activate.go:217.26,218.9 1 0
github.com/honeydipper/honeydipper/v3/pkg/workflow/activate.go:221.3,221.28 1 0
github.com/honeydipper/honeydipper/v3/pkg/workflow/activate.go:222.10,223.65 1 0
github.com/honeydipper/honeydipper/v3/pkg/workflow/activate.go:226.2,226.15 1 0
github.com/honeydipper/honeydipper/v3/pkg/workflow/activate.go:226.15,233.3 1 0
github.com/honeydipper/honeydipper/v3/pkg/workflow/activate.go:233.8,235.3 1 0
github.com/honeydipper/honeydipper/v3/pkg/workflow/activate.go:239.38,247.50 6 0
github.com/honeydipper/honeydipper/v3/pkg/workflow/activate.go:247.50,249.3 1 0
github.com/honeydipper/honeydipper/v3/pkg/workflow/activate.go:253.40,255.20 2 0
github.com/honeydipper/honeydipper/v3/pkg/workflow/activate.go:255.20,256.22 1 0
github.com/honeydipper/honeydipper/v3/pkg/workflow/activate.go:256.22,258.4 1 0
github.com/honeydipper/honeydipper/v3/pkg/workflow/activate.go:260.3,260.9 1 0
github.com/honeydipper/honeydipper/v3/pkg/workflow/activate.go:263.2,263.37 1 0
github.com/honeydipper/honeydipper/v3/pkg/workflow/activate.go:263.37,264.26 1 0
github.com/honeydipper/honeydipper/v3/pkg/workflow/activate.go:264.26,266.4 1 0
github.com/honeydipper/honeydipper/v3/pkg/workflow/activate.go:267.3,268.17 2 0
github.com/honeydipper/honeydipper/v3/pkg/workflow/activate.go:268.17,270.4 1 0
github.com/honeydipper/honeydipper/v3/pkg/workflow/activate.go:272.2,272.15 1 0
github.com/honeydipper/honeydipper/v3/pkg/workflow/activate.go:277.28,286.25 4 0
github.com/honeydipper/honeydipper/v3/pkg/workflow/activate.go:286.25,288.3 1 0
github.com/honeydipper/honeydipper/v3/pkg/workflow/activate.go:290.2,292.33 2 0
github.com/honeydipper/honeydipper/v3/pkg/workflow/activate.go:292.33,296.3 2 0
github.com/honeydipper/honeydipper/v3/pkg/workflow/activate.go:298.2,304.21 2 0
github.com/honeydipper/honeydipper/v3/pkg/workflow/activate.go:304.21,306.3 1 0
github.com/honeydipper/honeydipper/v3/pkg/workflow/activate.go:308.2,312.20 4 0
github.com/honeydipper/honeydipper/v3/pkg/workflow/activate.go:312.20,320.15 3 0
github.com/honeydipper/honeydipper/v3/pkg/workflow/activate.go:320.15,326.4 1 0
github.com/honeydipper/honeydipper/v3/pkg/workflow/activate.go:327.3,330.41 4 0
github.com/honeydipper/honeydipper/v3/pkg/workflow/activate.go:330.41,332.4 1 0
github.com/honeydipper/honeydipper/v3/pkg/workflow/activate.go:333.3,334.20 2 0
github.com/honeydipper/honeydipper/v3/pkg/workflow/activate.go:334.20,336.4 1 0
github.com/honeydipper/honeydipper/v3/pkg/workflow/activate.go:337.8,338.20 1 0
github.com/honeydipper/honeydipper/v3/pkg/workflow/activate.go:338.20,340.4 1 0
github.com/honeydipper/honeydipper/v3/pkg/workflow/condition.go:17.30,21.2 2 1
github.com/honeydipper/honeydipper/v3/pkg/workflow/condition.go:24.41,25.9 1 1
github.com/honeydipper/honeydipper/v3/pkg/workflow/condition.go:26.30,27.35 1 1
github.com/honeydipper/honeydipper/v3/pkg/workflow/condition.go:27.35,28.20 1 1
github.com/honeydipper/honeydipper/v3/pkg/workflow/condition.go:28.20,30.5 1 1
github.com/honeydipper/honeydipper/v3/pkg/workflow/condition.go:33.3,33.14 1 1
github.com/honeydipper/honeydipper/v3/pkg/workflow/condition.go:34.33,35.38 1 1
github.com/honeydipper/honeydipper/v3/pkg/workflow/condition.go:35.38,36.19 1 1
github.com/honeydipper/honeydipper/v3/pkg/workflow/condition.go:36.19,38.5 1 1
github.com/honeydipper/honeydipper/v3/pkg/workflow/condition.go:41.3,41.15 1 1
github.com/honeydipper/honeydipper/v3/pkg/workflow/condition.go:42.34,43.39 1 1
github.com/honeydipper/honeydipper/v3/pkg/workflow/condition.go:43.39,44.19 1 1
github.com/honeydipper/honeydipper/v3/pkg/workflow/condition.go:44.19,46.5 1 1
github.com/honeydipper/honeydipper/v3/pkg/workflow/condition.go:49.3,49.14 1 1
github.com/honeydipper/honeydipper/v3/pkg/workflow/condition.go:50.37,51.42 1 1
github.com/honeydipper/honeydipper/v3/pkg/workflow/condition.go:51.42,52.20 1 1
github.com/honeydipper/honeydipper/v3/pkg/workflow/condition.go:52.20,54.5 1 1
github.com/honeydipper/honeydipper/v3/pkg/workflow/condition.go:57.3,57.15 1 1
github.com/honeydipper/honeydipper/v3/pkg/workflow/condition.go:58.31,59.52 1 1
github.com/honeydipper/honeydipper/v3/pkg/workflow/condition.go:60.37,61.56 1 1
github.com/honeydipper/honeydipper/v3/pkg/workflow/condition.go:61.56,63.4 1 1
github.com/honeydipper/honeydipper/v3/pkg/workflow/condition.go:65.3,65.14 1 1
github.com/honeydipper/honeydipper/v3/pkg/workflow/condition.go:68.2,68.13 1 1
github.com/honeydipper/honeydipper/v3/pkg/workflow/condition.go:72.45,75.9 2 1
github.com/honeydipper/honeydipper/v3/pkg/workflow/condition.go:76.36,79.44 2 1
github.com/honeydipper/honeydipper/v3/pkg/workflow/condition.go:80.36,82.61 2 1
github.com/honeydipper/honeydipper/v3/pkg/workflow/condition.go:82.61,84.4 1 1
github.com/honeydipper/honeydipper/v3/pkg/workflow/condition.go:86.3,86.14 1 1
github.com/honeydipper/honeydipper/v3/pkg/workflow/condition.go:87.33,88.38 1 1
github.com/honeydipper/honeydipper/v3/pkg/workflow/condition.go:88.38,90.20 2 1
github.com/honeydipper/honeydipper/v3/pkg/workflow/condition.go:90.20,92.5 1 1
github.com/honeydipper/honeydipper/v3/pkg/workflow/condition.go:95.3,95.14 1 1
github.com/honeydipper/honeydipper/v3/pkg/workflow/condition.go:96.36,97.41 1 1
github.com/honeydipper/honeydipper/v3/pkg/workflow/condition.go:97.41,99.19 2 1
github.com/honeydipper/honeydipper/v3/pkg/workflow/condition.go:99.19,101.5 1 1
github.com/honeydipper/honeydipper/v3/pkg/workflow/condition.go:104.3,104.15 1 1
github.com/honeydipper/honeydipper/v3/pkg/workflow/condition.go:105.33,106.38 1 1
github.com/honeydipper/honeydipper/v3/pkg/workflow/condition.go:106.38,108.19 2 1
github.com/honeydipper/honeydipper/v3/pkg/workflow/condition.go:108.19,110.5 1 1
github.com/honeydipper/honeydipper/v3/pkg/workflow/condition.go:113.3,113.14 1 1
github.com/honeydipper/honeydipper/v3/pkg/workflow/condition.go:114.36,115.41 1 1
github.com/honeydipper/honeydipper/v3/pkg/workflow/condition.go:115.41,117.20 2 1
github.com/honeydipper/honeydipper/v3/pkg/workflow/condition.go:117.20,119.5 1 1
github.com/honeydipper/honeydipper/v3/pkg/workflow/condition.go:122.3,122.15 1 1
github.com/honeydipper/honeydipper/v3/pkg/workflow/condition.go:125.2,125.13 1 1
github.com/honeydipper/honeydipper/v3/pkg/workflow/execute.go:24.29,25.9 1 0
github.com/honeydipper/honeydipper/v3/pkg/workflow/execute.go:26.41,29.19 3 0
github.com/honeydipper/honeydipper/v3/pkg/workflow/execute.go:30.33,31.19 1 0
github.com/honeydipper/honeydipper/v3/pkg/workflow/execute.go:32.22,37.19 4 0
github.com/honeydipper/honeydipper/v3/pkg/workflow/execute.go:38.35,42.19 3 0
github.com/honeydipper/honeydipper/v3/pkg/workflow/execute.go:43.37,47.19 3 0
github.com/honeydipper/honeydipper/v3/pkg/workflow/execute.go:48.31,55.22 6 0
github.com/honeydipper/honeydipper/v3/pkg/workflow/execute.go:55.22,57.4 1 0
github.com/honeydipper/honeydipper/v3/pkg/workflow/execute.go:58.33,60.21 1 0
github.com/honeydipper/honeydipper/v3/pkg/workflow/execute.go:60.21,63.41 3 0
github.com/honeydipper/honeydipper/v3/pkg/workflow/execute.go:63.41,66.26 3 0
github.com/honeydipper/honeydipper/v3/pkg/workflow/execute.go:66.26,67.23 1 0
github.com/honeydipper/honeydipper/v3/pkg/workflow/execute.go:67.23,67.57 1 0
github.com/honeydipper/honeydipper/v3/pkg/workflow/execute.go:71.3,72.19 2 0
github.com/honeydipper/honeydipper/v3/pkg/workflow/execute.go:73.29,74.16 1 0
github.com/honeydipper/honeydipper/v3/pkg/workflow/execute.go:75.31,78.21 2 0
github.com/honeydipper/honeydipper/v3/pkg/workflow/execute.go:78.21,80.23 2 0
github.com/honeydipper/honeydipper/v3/pkg/workflow/execute.go:80.23,82.5 1 0
github.com/honeydipper/honeydipper/v3/pkg/workflow/execute.go:84.31,86.20 1 0
github.com/honeydipper/honeydipper/v3/pkg/workflow/execute.go:91.34,104.9 6 0
github.com/honeydipper/honeydipper/v3/pkg/workflow/execute.go:104.9,106.3 1 0
github.com/honeydipper/honeydipper/v3/pkg/workflow/execute.go:107.2,111.21 5 0
github.com/honeydipper/honeydipper/v3/pkg/workflow/execute.go:111.21,113.3 1 0
github.com/honeydipper/honeydipper/v3/pkg/workflow/execute.go:117.35,120.42 3 0
github.com/honeydipper/honeydipper/v3/pkg/workflow/execute.go:120.42,122.3 1 0
github.com/honeydipper/honeydipper/v3/pkg/workflow/execute.go:123.2,126.31 3 0
github.com/honeydipper/honeydipper/v3/pkg/workflow/execute.go:126.31,129.3 2 0
github.com/honeydipper/honeydipper/v3/pkg/workflow/execute.go:129.8,131.3 1 0
github.com/honeydipper/honeydipper/v3/pkg/workflow/execute.go:135.31,141.70 6 0
github.com/honeydipper/honeydipper/v3/pkg/workflow/execute.go:141.70,143.3 1 0
github.com/honeydipper/honeydipper/v3/pkg/workflow/execute.go:144.2,145.61 2 0
github.com/honeydipper/honeydipper/v3/pkg/workflow/execute.go:145.61,147.3 1 0
github.com/honeydipper/honeydipper/v3/pkg/workflow/execute.go:148.2,148.29 1 0
github.com/honeydipper/honeydipper/v3/pkg/workflow/execute.go:148.29,150.3 1 0
github.com/honeydipper/honeydipper/v3/pkg/workflow/execute.go:151.2,154.18 4 0
github.com/honeydipper/honeydipper/v3/pkg/workflow/execute.go:158.52,169.40 6 0
github.com/honeydipper/honeydipper/v3/pkg/workflow/execute.go:169.40,171.3 1 0
github.com/honeydipper/honeydipper/v3/pkg/workflow/execute.go:172.2,185.29 7 0
github.com/honeydipper/honeydipper/v3/pkg/workflow/execute.go:190.40,195.29 4 0
github.com/honeydipper/honeydipper/v3/pkg/workflow/execute.go:195.29,197.49 2 0
github.com/honeydipper/honeydipper/v3/pkg/workflow/execute.go:197.49,198.33 1 0
github.com/honeydipper/honeydipper/v3/pkg/workflow/execute.go:198.33,201.5 2 0
github.com/honeydipper/honeydipper/v3/pkg/workflow/execute.go:202.9,204.4 1 0
github.com/honeydipper/honeydipper/v3/pkg/workflow/execute.go:207.2,211.4 1 0
github.com/honeydipper/honeydipper/v3/pkg/workflow/execute.go:216.51,227.2 3 0
github.com/honeydipper/honeydipper/v3/pkg/workflow/execute.go:231.35,234.44 3 0
github.com/honeydipper/honeydipper/v3/pkg/workflow/execute.go:234.44,235.19 1 0
github.com/honeydipper/honeydipper/v3/pkg/workflow/execute.go:235.19,243.4 6 0
github.com/honeydipper/honeydipper/v3/pkg/workflow/execute.go:245.2,245.31 1 0
github.com/honeydipper/honeydipper/v3/pkg/workflow/execute.go:245.31,253.3 6 0
github.com/honeydipper/honeydipper/v3/pkg/workflow/execute.go:258.49,260.34 2 0
github.com/honeydipper/honeydipper/v3/pkg/workflow/execute.go:260.34,262.21 2 0
github.com/honeydipper/honeydipper/v3/pkg/workflow/execute.go:262.21,264.4 1 0
github.com/honeydipper/honeydipper/v3/pkg/workflow/execute.go:267.2,267.22 1 0
github.com/honeydipper/honeydipper/v3/pkg/workflow/execute.go:267.22,268.70 1 0
github.com/honeydipper/honeydipper/v3/pkg/workflow/execute.go:268.70,270.4 1 0
github.com/honeydipper/honeydipper/v3/pkg/workflow/execute.go:272.3,272.9 1 0
github.com/honeydipper/honeydipper/v3/pkg/workflow/execute.go:275.2,276.52 2 0
github.com/honeydipper/honeydipper/v3/pkg/workflow/execute.go:276.52,279.21 3 0
github.com/honeydipper/honeydipper/v3/pkg/workflow/execute.go:279.21,280.9 1 0
github.com/honeydipper/honeydipper/v3/pkg/workflow/execute.go:287.50,302.32 4 0
github.com/honeydipper/honeydipper/v3/pkg/workflow/execute.go:302.32,304.3 1 0
github.com/honeydipper/honeydipper/v3/pkg/workflow/execute.go:305.2,313.19 2 0
github.com/honeydipper/honeydipper/v3/pkg/workflow/execute.go:313.19,315.3 1 0
github.com/honeydipper/honeydipper/v3/pkg/workflow/export.go:18.68,19.42 1 0
github.com/honeydipper/honeydipper/v3/pkg/workflow/export.go:19.42,20.17 1 0
github.com/honeydipper/honeydipper/v3/pkg/workflow/export.go:20.17,21.28 1 0
github.com/honeydipper/honeydipper/v3/pkg/workflow/export.go:21.28,23.5 1 0
github.com/honeydipper/honeydipper/v3/pkg/workflow/export.go:25.4,25.9 1 0
github.com/honeydipper/honeydipper/v3/pkg/workflow/export.go:27.3,29.28 3 0
github.com/honeydipper/honeydipper/v3/pkg/workflow/export.go:34.43,38.97 3 0
github.com/honeydipper/honeydipper/v3/pkg/workflow/export.go:38.97,40.45 2 0
github.com/honeydipper/honeydipper/v3/pkg/workflow/export.go:40.45,42.4 1 0
github.com/honeydipper/honeydipper/v3/pkg/workflow/export.go:43.3,44.46 2 0
github.com/honeydipper/honeydipper/v3/pkg/workflow/export.go:44.46,46.4 1 0
github.com/honeydipper/honeydipper/v3/pkg/workflow/export.go:49.2,49.60 1 0
github.com/honeydipper/honeydipper/v3/pkg/workflow/export.go:49.60,54.22 5 0
github.com/honeydipper/honeydipper/v3/pkg/workflow/export.go:54.22,56.4 1 0
github.com/honeydipper/honeydipper/v3/pkg/workflow/export.go:58.2,58.34 1 0
github.com/honeydipper/honeydipper/v3/pkg/workflow/export.go:58.34,60.3 1 0
github.com/honeydipper/honeydipper/v3/pkg/workflow/export.go:60.8,62.3 1 0
github.com/honeydipper/honeydipper/v3/pkg/workflow/export.go:63.2,63.36 1 0
github.com/honeydipper/honeydipper/v3/pkg/workflow/export.go:63.36,65.3 1 0
github.com/honeydipper/honeydipper/v3/pkg/workflow/export.go:66.2,66.36 1 0
github.com/honeydipper/honeydipper/v3/pkg/workflow/export.go:66.36,68.3 1 0
github.com/honeydipper/honeydipper/v3/pkg/workflow/export.go:72.99,77.20 5 0
github.com/honeydipper/honeydipper/v3/pkg/workflow/export.go:77.20,79.3 1 0
github.com/honeydipper/honeydipper/v3/pkg/workflow/hooks.go:33.52,35.12 2 0
github.com/honeydipper/honeydipper/v3/pkg/workflow/hooks.go:35.12,38.3 2 0
github.com/honeydipper/honeydipper/v3/pkg/workflow/hooks.go:38.8,40.3 1 0
github.com/honeydipper/honeydipper/v3/pkg/workflow/hooks.go:42.2,44.38 2 0
github.com/honeydipper/honeydipper/v3/pkg/workflow/hooks.go:44.38,45.26 1 0
github.com/honeydipper/honeydipper/v3/pkg/workflow/hooks.go:45.26,49.47 4 0
github.com/honeydipper/honeydipper/v3/pkg/workflow/hooks.go:49.47,52.10 2 0
github.com/honeydipper/honeydipper/v3/pkg/workflow/hooks.go:55.3,55.28 1 0
github.com/honeydipper/honeydipper/v3/pkg/workflow/hooks.go:55.28,60.4 4 0
github.com/honeydipper/honeydipper/v3/pkg/workflow/hooks.go:63.2,63.12 1 0
github.com/honeydipper/honeydipper/v3/pkg/workflow/hooks.go:67.49,69.9 2 0
github.com/honeydipper/honeydipper/v3/pkg/workflow/hooks.go:69.9,71.3 1 0
github.com/honeydipper/honeydipper/v3/pkg/workflow/hooks.go:73.2,76.34 2 0
github.com/honeydipper/honeydipper/v3/pkg/workflow/hooks.go:77.14,78.23 1 0
github.com/honeydipper/honeydipper/v3/pkg/workflow/hooks.go:79.21,80.21 1 0
github.com/honeydipper/honeydipper/v3/pkg/workflow/hooks.go:80.21,83.9 2 0
github.com/honeydipper/honeydipper/v3/pkg/workflow/hooks.go:85.3,85.26 1 0
github.com/honeydipper/honeydipper/v3/pkg/workflow/hooks.go:85.26,87.4 1 0
github.com/honeydipper/honeydipper/v3/pkg/workflow/hooks.go:90.2,90.51 1 0
github.com/honeydipper/honeydipper/v3/pkg/workflow/hooks.go:90.51,92.3 1 0
github.com/honeydipper/honeydipper/v3/pkg/workflow/hooks.go:94.2,96.40 3 0
github.com/honeydipper/honeydipper/v3/pkg/workflow/hooks.go:96.40,98.3 1 0
github.com/honeydipper/honeydipper/v3/pkg/workflow/hooks.go:99.2,103.53 4 0
github.com/honeydipper/honeydipper/v3/pkg/workflow/persisted_store.go:39.119,50.2 7 0
github.com/honeydipper/honeydipper/v3/pkg/workflow/persisted_store.go:53.52,64.40 8 0
github.com/honeydipper/honeydipper/v3/pkg/workflow/persisted_store.go:64.40,66.3 1 0
github.com/honeydipper/honeydipper/v3/pkg/workflow/persisted_store.go:67.2,72.14 5 0
github.com/honeydipper/honeydipper/v3/pkg/workflow/persisted_store.go:76.113,79.23 3 0
github.com/honeydipper/honeydipper/v3/pkg/workflow/persisted_store.go:79.23,81.3 1 0
github.com/honeydipper/honeydipper/v3/pkg/workflow/persisted_store.go:83.2,83.10 1 0
github.com/honeydipper/honeydipper/v3/pkg/workflow/persisted_store.go:87.118,93.2 4 0
github.com/honeydipper/honeydipper/v3/pkg/workflow/persisted_store.go:96.54,98.21 2 0
github.com/honeydipper/honeydipper/v3/pkg/workflow/persisted_store.go:98.21,100.20 2 0
github.com/honeydipper/honeydipper/v3/pkg/workflow/persisted_store.go:100.20,104.4 3 0
github.com/honeydipper/honeydipper/v3/pkg/workflow/persisted_store.go:109.49,115.2 5 0
github.com/honeydipper/honeydipper/v3/pkg/workflow/persisted_store.go:117.94,118.23 1 0
github.com/honeydipper/honeydipper/v3/pkg/workflow/persisted_store.go:118.23,119.15 1 0
github.com/honeydipper/honeydipper/v3/pkg/workflow/persisted_store.go:119.15,121.4 1 0
github.com/honeydipper/honeydipper/v3/pkg/workflow/persisted_store.go:122.3,122.22 1 0
github.com/honeydipper/honeydipper/v3/pkg/workflow/persisted_store.go:122.22,123.70 1 0
github.com/honeydipper/honeydipper/v3/pkg/workflow/persisted_store.go:123.70,125.5 1 0
github.com/honeydipper/honeydipper/v3/pkg/workflow/persisted_store.go:127.3,127.26 1 0
github.com/honeydipper/honeydipper/v3/pkg/workflow/persisted_store.go:127.26,129.4 1 0
github.com/honeydipper/honeydipper/v3/pkg/workflow/persisted_store.go:130.3,130.33 1 0
github.com/honeydipper/honeydipper/v3/pkg/workflow/persisted_store.go:130.33,132.4 1 0
github.com/honeydipper/honeydipper/v3/pkg/workflow/persisted_store.go:133.3,140.17 6 0
github.com/honeydipper/honeydipper/v3/pkg/workflow/persisted_store.go:140.17,142.4 1 0
github.com/honeydipper/honeydipper/v3/pkg/workflow/persisted_store.go:143.3,143.40 1 0
github.com/honeydipper/honeydipper/v3/pkg/workflow/persisted_store.go:143.40,144.18 1 0
github.com/honeydipper/honeydipper/v3/pkg/workflow/persisted_store.go:144.18,147.5 2 0
github.com/honeydipper/honeydipper/v3/pkg/workflow/persisted_store.go:148.4,148.19 1 0
github.com/honeydipper/honeydipper/v3/pkg/workflow/persisted_store.go:154.109,161.2 5 0
github.com/honeydipper/honeydipper/v3/pkg/workflow/persisted_store.go:164.129,171.61 6 0
github.com/honeydipper/honeydipper/v3/pkg/workflow/persisted_store.go:171.61,174.3 1 0
github.com/honeydipper/honeydipper/v3/pkg/workflow/persisted_store.go:176.2,176.21 1 0
github.com/honeydipper/honeydipper/v3/pkg/workflow/persisted_store.go:180.96,187.2 4 0
github.com/honeydipper/honeydipper/v3/pkg/workflow/persisted_store.go:190.81,193.14 3 0
github.com/honeydipper/honeydipper/v3/pkg/workflow/persisted_store.go:193.14,195.3 1 0
github.com/honeydipper/honeydipper/v3/pkg/workflow/persisted_store.go:197.2,197.33 1 0
github.com/honeydipper/honeydipper/v3/pkg/workflow/persisted_store.go:197.33,198.63 1 0
github.com/honeydipper/honeydipper/v3/pkg/workflow/persisted_store.go:201.2,203.22 2 0
github.com/honeydipper/honeydipper/v3/pkg/workflow/persisted_store.go:207.78,209.17 2 0
github.com/honeydipper/honeydipper/v3/pkg/workflow/persisted_store.go:209.17,211.3 1 0
github.com/honeydipper/honeydipper/v3/pkg/workflow/persisted_store.go:213.2,218.23 5 0
github.com/honeydipper/honeydipper/v3/pkg/workflow/persisted_store.go:218.23,220.3 1 0
github.com/honeydipper/honeydipper/v3/pkg/workflow/persisted_store.go:221.2,223.40 3 0
github.com/honeydipper/honeydipper/v3/pkg/workflow/persisted_store.go:223.40,225.3 1 0
github.com/honeydipper/honeydipper/v3/pkg/workflow/persisted_store.go:227.2,227.19 1 0
github.com/honeydipper/honeydipper/v3/pkg/workflow/persisted_store.go:227.19,227.56 1 0
github.com/honeydipper/honeydipper/v3/pkg/workflow/persisted_store.go:229.2,229.13 1 0
github.com/honeydipper/honeydipper/v3/pkg/workflow/persisted_store.go:233.46,236.25 2 0
github.com/honeydipper/honeydipper/v3/pkg/workflow/persisted_store.go:236.25,238.3 1 0
github.com/honeydipper/honeydipper/v3/pkg/workflow/persisted_store.go:240.2,241.33 2 0
github.com/honeydipper/honeydipper/v3/pkg/workflow/persisted_store.go:241.33,245.3 1 0
github.com/honeydipper/honeydipper/v3/pkg/workflow/persisted_store.go:247.2,248.36 2 0
github.com/honeydipper/honeydipper/v3/pkg/workflow/persisted_store.go:248.36,251.3 2 0
github.com/honeydipper/honeydipper/v3/pkg/workflow/persisted_store.go:253.2,255.6 3 0
github.com/honeydipper/honeydipper/v3/pkg/workflow/persisted_store.go:255.6,262.27 3 0
github.com/honeydipper/honeydipper/v3/pkg/workflow/persisted_store.go:262.27,263.9 1 0
github.com/honeydipper/honeydipper/v3/pkg/workflow/persisted_store.go:265.3,265.26 1 0
github.com/honeydipper/honeydipper/v3/pkg/workflow/persisted_store.go:268.2,268.36 1 0
github.com/honeydipper/honeydipper/v3/pkg/workflow/persisted_store.go:268.36,273.24 2 0
github.com/honeydipper/honeydipper/v3/pkg/workflow/persisted_store.go:273.24,278.4 1 0
github.com/honeydipper/honeydipper/v3/pkg/workflow/persisted_store.go:279.8,283.3 1 0
github.com/honeydipper/honeydipper/v3/pkg/workflow/persisted_store.go:285.2,285.57 1 0
github.com/honeydipper/honeydipper/v3/pkg/workflow/persisted_store.go:285.57,293.3 3 0
github.com/honeydipper/honeydipper/v3/pkg/workflow/persisted_store.go:295.2,295.120 1 0
github.com/honeydipper/honeydipper/v3/pkg/workflow/persisted_store.go:299.86,312.21 6 0
github.com/honeydipper/honeydipper/v3/pkg/workflow/persisted_store.go:312.21,320.3 3 0
github.com/honeydipper/honeydipper/v3/pkg/workflow/persisted_store.go:321.2,324.62 4 0
github.com/honeydipper/honeydipper/v3/pkg/workflow/persisted_store.go:324.62,335.3 3 0
github.com/honeydipper/honeydipper/v3/pkg/workflow/persisted_store.go:337.2,338.30 2 0
github.com/honeydipper/honeydipper/v3/pkg/workflow/persisted_store.go:338.30,341.21 3 0
github.com/honeydipper/honeydipper/v3/pkg/workflow/persisted_store.go:341.21,343.4 1 0
github.com/honeydipper/honeydipper/v3/pkg/workflow/persisted_store.go:344.3,348.14 5 0
github.com/honeydipper/honeydipper/v3/pkg/workflow/persisted_store.go:350.2,352.17 2 0
github.com/honeydipper/honeydipper/v3/pkg/workflow/persisted_store.go:356.49,357.11 1 0
github.com/honeydipper/honeydipper/v3/pkg/workflow/persisted_store.go:357.11,360.3 2 0
github.com/honeydipper/honeydipper/v3/pkg/workflow/persisted_store.go:362.2,367.46 2 0
github.com/honeydipper/honeydipper/v3/pkg/workflow/persisted_store.go:371.45,375.19 3 0
github.com/honeydipper/honeydipper/v3/pkg/workflow/persisted_store.go:375.19,377.3 1 0
github.com/honeydipper/honeydipper/v3/pkg/workflow/persisted_store.go:379.2,381.24 3 0
github.com/honeydipper/honeydipper/v3/pkg/workflow/persisted_store.go:381.24,384.20 3 0
github.com/honeydipper/honeydipper/v3/pkg/workflow/persisted_store.go:384.20,385.82 1 0
github.com/honeydipper/honeydipper/v3/pkg/workflow/persisted_store.go:385.83,386.5 0 0
github.com/honeydipper/honeydipper/v3/pkg/workflow/persisted_store.go:387.4,387.22 1 0
github.com/honeydipper/honeydipper/v3/pkg/workflow/persisted_store.go:391.2,391.12 1 0
github.com/honeydipper/honeydipper/v3/pkg/workflow/persisted_store.go:395.54,397.2 1 0
github.com/honeydipper/honeydipper/v3/pkg/workflow/persisted_store.go:400.58,402.13 2 0
github.com/honeydipper/honeydipper/v3/pkg/workflow/persisted_store.go:402.13,404.3 1 0
github.com/honeydipper/honeydipper/v3/pkg/workflow/persisted_store.go:405.2,406.14 2 0
github.com/honeydipper/honeydipper/v3/pkg/workflow/persisted_store.go:406.14,408.3 1 0
github.com/honeydipper/honeydipper/v3/pkg/workflow/persisted_store.go:410.2,410.60 1 0
github.com/honeydipper/honeydipper/v3/pkg/workflow/persisted_store.go:414.69,421.27 5 0
github.com/honeydipper/honeydipper/v3/pkg/workflow/persisted_store.go:421.27,429.21 4 0
github.com/honeydipper/honeydipper/v3/pkg/workflow/persisted_store.go:429.21,431.4 1 0
github.com/honeydipper/honeydipper/v3/pkg/workflow/persisted_store.go:434.2,437.3 1 0
github.com/honeydipper/honeydipper/v3/pkg/workflow/persisted_store.go:441.33,443.2 1 0
github.com/honeydipper/honeydipper/v3/pkg/workflow/route.go:12.44,13.17 1 1
github.com/honeydipper/honeydipper/v3/pkg/workflow/route.go:14.34,15.38 1 1
github.com/honeydipper/honeydipper/v3/pkg/workflow/route.go:16.38,17.42 1 0
github.com/honeydipper/honeydipper/v3/pkg/workflow/route.go:18.24,19.28 1 1
github.com/honeydipper/honeydipper/v3/pkg/workflow/route.go:20.34,21.38 1 1
github.com/honeydipper/honeydipper/v3/pkg/workflow/route.go:22.28,23.31 1 1
github.com/honeydipper/honeydipper/v3/pkg/workflow/route.go:24.30,25.34 1 1
github.com/honeydipper/honeydipper/v3/pkg/workflow/route.go:26.31,27.35 1 1
github.com/honeydipper/honeydipper/v3/pkg/workflow/route.go:28.26,29.30 1 1
github.com/honeydipper/honeydipper/v3/pkg/workflow/route.go:30.33,31.37 1 1
github.com/honeydipper/honeydipper/v3/pkg/workflow/route.go:32.27,33.31 1 0
github.com/honeydipper/honeydipper/v3/pkg/workflow/route.go:34.38,35.42 1 1
github.com/honeydipper/honeydipper/v3/pkg/workflow/route.go:36.27,37.31 1 0
github.com/honeydipper/honeydipper/v3/pkg/workflow/route.go:38.34,39.38 1 1
github.com/honeydipper/honeydipper/v3/pkg/workflow/route.go:40.28,41.32 1 0
github.com/honeydipper/honeydipper/v3/pkg/workflow/route.go:42.26,43.30 1 1
github.com/honeydipper/honeydipper/v3/pkg/workflow/route.go:44.67,45.26 1 1
github.com/honeydipper/honeydipper/v3/pkg/workflow/route.go:46.10,47.21 1 1
github.com/honeydipper/honeydipper/v3/pkg/workflow/route.go:52.50,54.9 2 1
github.com/honeydipper/honeydipper/v3/pkg/workflow/route.go:55.39,56.26 1 1
github.com/honeydipper/honeydipper/v3/pkg/workflow/route.go:57.13,58.26 1 1
github.com/honeydipper/honeydipper/v3/pkg/workflow/route.go:59.18,60.40 1 1
github.com/honeydipper/honeydipper/v3/pkg/workflow/route.go:63.2,63.35 1 1
github.com/honeydipper/honeydipper/v3/pkg/workflow/route.go:67.54,68.29 1 1
github.com/honeydipper/honeydipper/v3/pkg/workflow/route.go:68.29,70.3 1 1
github.com/honeydipper/honeydipper/v3/pkg/workflow/route.go:72.2,72.31 1 1
github.com/honeydipper/honeydipper/v3/pkg/workflow/route.go:76.50,77.31 1 1
github.com/honeydipper/honeydipper/v3/pkg/workflow/route.go:77.31,79.3 1 1
github.com/honeydipper/honeydipper/v3/pkg/workflow/route.go:80.2,80.42 1 1
github.com/honeydipper/honeydipper/v3/pkg/workflow/route.go:80.42,82.3 1 1
github.com/honeydipper/honeydipper/v3/pkg/workflow/route.go:84.2,84.30 1 1
github.com/honeydipper/honeydipper/v3/pkg/workflow/route.go:88.43,90.39 2 1
github.com/honeydipper/honeydipper/v3/pkg/workflow/route.go:90.39,92.3 1 0
github.com/honeydipper/honeydipper/v3/pkg/workflow/route.go:94.2,94.18 1 1
github.com/honeydipper/honeydipper/v3/pkg/workflow/route.go:98.46,99.29 1 1
github.com/honeydipper/honeydipper/v3/pkg/workflow/route.go:99.29,101.3 1 1
github.com/honeydipper/honeydipper/v3/pkg/workflow/route.go:102.2,102.31 1 1
github.com/honeydipper/honeydipper/v3/pkg/workflow/route.go:102.31,104.3 1 1
github.com/honeydipper/honeydipper/v3/pkg/workflow/route.go:106.2,106.27 1 1
github.com/honeydipper/honeydipper/v3/pkg/workflow/route.go:110.47,111.60 1 1
github.com/honeydipper/honeydipper/v3/pkg/workflow/route.go:111.60,112.22 1 1
github.com/honeydipper/honeydipper/v3/pkg/workflow/route.go:112.22,114.4 1 1
github.com/honeydipper/honeydipper/v3/pkg/workflow/route.go:116.3,116.33 1 1
github.com/honeydipper/honeydipper/v3/pkg/workflow/route.go:119.2,119.27 1 1
github.com/honeydipper/honeydipper/v3/pkg/workflow/route.go:123.42,124.25 1 1
github.com/honeydipper/honeydipper/v3/pkg/workflow/route.go:124.25,126.3 1 1
github.com/honeydipper/honeydipper/v3/pkg/workflow/route.go:128.2,128.93 1 1
github.com/honeydipper/honeydipper/v3/pkg/workflow/route.go:128.93,130.3 1 1
github.com/honeydipper/honeydipper/v3/pkg/workflow/route.go:132.2,132.93 1 1
github.com/honeydipper/honeydipper/v3/pkg/workflow/route.go:132.93,134.3 1 1
github.com/honeydipper/honeydipper/v3/pkg/workflow/route.go:136.2,136.34 1 1
github.com/honeydipper/honeydipper/v3/pkg/workflow/route.go:140.49,141.58 1 1
github.com/honeydipper/honeydipper/v3/pkg/workflow/route.go:141.58,143.3 1 1
github.com/honeydipper/honeydipper/v3/pkg/workflow/route.go:144.2,144.20 1 1
github.com/honeydipper/honeydipper/v3/pkg/workflow/route.go:144.20,146.3 1 1
github.com/honeydipper/honeydipper/v3/pkg/workflow/route.go:148.2,148.28 1 1
github.com/honeydipper/honeydipper/v3/pkg/workflow/route.go:152.43,155.39 3 1
github.com/honeydipper/honeydipper/v3/pkg/workflow/route.go:155.39,157.3 1 1
github.com/honeydipper/honeydipper/v3/pkg/workflow/route.go:157.8,157.48 1 1
github.com/honeydipper/honeydipper/v3/pkg/workflow/route.go:157.48,159.3 1 1
github.com/honeydipper/honeydipper/v3/pkg/workflow/route.go:161.2,161.18 1 1
github.com/honeydipper/honeydipper/v3/pkg/workflow/route.go:165.54,166.22 1 1
github.com/honeydipper/honeydipper/v3/pkg/workflow/route.go:166.22,168.3 1 1
github.com/honeydipper/honeydipper/v3/pkg/workflow/route.go:169.2,169.22 1 1
github.com/honeydipper/honeydipper/v3/pkg/workflow/route.go:169.22,171.3 1 1
github.com/honeydipper/honeydipper/v3/pkg/workflow/route.go:173.2,173.28 1 1
github.com/honeydipper/honeydipper/v3/pkg/workflow/route.go:177.43,180.36 3 1
github.com/honeydipper/honeydipper/v3/pkg/workflow/route.go:180.36,183.3 2 1
github.com/honeydipper/honeydipper/v3/pkg/workflow/route.go:185.2,185.18 1 1
github.com/honeydipper/honeydipper/v3/pkg/workflow/route.go:189.50,190.17 1 1
github.com/honeydipper/honeydipper/v3/pkg/workflow/route.go:190.17,192.3 1 1
github.com/honeydipper/honeydipper/v3/pkg/workflow/route.go:193.2,193.22 1 1
github.com/honeydipper/honeydipper/v3/pkg/workflow/route.go:193.22,195.3 1 1
github.com/honeydipper/honeydipper/v3/pkg/workflow/route.go:197.2,197.29 1 1
github.com/honeydipper/honeydipper/v3/pkg/workflow/route.go:201.44,203.28 2 1
github.com/honeydipper/honeydipper/v3/pkg/workflow/route.go:203.28,207.3 3 1
github.com/honeydipper/honeydipper/v3/pkg/workflow/route.go:208.2,210.18 2 1
github.com/honeydipper/honeydipper/v3/pkg/workflow/route.go:214.42,215.59 1 1
github.com/honeydipper/honeydipper/v3/pkg/workflow/route.go:215.59,217.3 1 1
github.com/honeydipper/honeydipper/v3/pkg/workflow/route.go:218.2,218.57 1 1
github.com/honeydipper/honeydipper/v3/pkg/workflow/route.go:218.57,220.3 1 1
github.com/honeydipper/honeydipper/v3/pkg/workflow/route.go:222.2,222.28 1 1
github.com/honeydipper/honeydipper/v3/pkg/workflow/session.go:107.36,109.2 1 0
github.com/honeydipper/honeydipper/v3/pkg/workflow/session.go:112.42,114.2 1 0
github.com/honeydipper/honeydipper/v3/pkg/workflow/session.go:117.28,119.2 1 0
github.com/honeydipper/honeydipper/v3/pkg/workflow/session.go:122.48,124.2 1 0
github.com/honeydipper/honeydipper/v3/pkg/workflow/session.go:127.57,129.17 2 1
github.com/honeydipper/honeydipper/v3/pkg/workflow/session.go:129.17,131.3 1 0
github.com/honeydipper/honeydipper/v3/pkg/workflow/session.go:132.2,133.19 2 1
github.com/honeydipper/honeydipper/v3/pkg/workflow/session.go:133.19,135.3 1 0
github.com/honeydipper/honeydipper/v3/pkg/workflow/session.go:136.2,136.15 1 1
github.com/honeydipper/honeydipper/v3/pkg/workflow/session.go:136.15,137.28 1 1
github.com/honeydipper/honeydipper/v3/pkg/workflow/session.go:137.28,139.4 1 0
github.com/honeydipper/honeydipper/v3/pkg/workflow/session.go:139.9,141.4 1 1
github.com/honeydipper/honeydipper/v3/pkg/workflow/session.go:143.2,150.16 2 1
github.com/honeydipper/honeydipper/v3/pkg/workflow/session.go:154.76,161.2 5 0
github.com/honeydipper/honeydipper/v3/pkg/workflow/session.go:164.48,173.2 3 0
github.com/honeydipper/honeydipper/v3/pkg/workflow/session.go:176.34,180.9 3 1
github.com/honeydipper/honeydipper/v3/pkg/workflow/session.go:181.21,182.18 1 0
github.com/honeydipper/honeydipper/v3/pkg/workflow/session.go:183.28,184.25 1 0
github.com/honeydipper/honeydipper/v3/pkg/workflow/session.go:185.23,186.22 1 0
github.com/honeydipper/honeydipper/v3/pkg/workflow/session.go:187.18,188.20 1 1
github.com/honeydipper/honeydipper/v3/pkg/workflow/session.go:189.39,190.90 1 0
github.com/honeydipper/honeydipper/v3/pkg/workflow/session.go:191.32,192.77 1 0
github.com/honeydipper/honeydipper/v3/pkg/workflow/session.go:193.29,194.44 1 0
github.com/honeydipper/honeydipper/v3/pkg/workflow/session.go:195.27,196.42 1 0
github.com/honeydipper/honeydipper/v3/pkg/workflow/session.go:197.25,198.36 1 0
github.com/honeydipper/honeydipper/v3/pkg/workflow/session.go:199.25,200.18 1 0
github.com/honeydipper/honeydipper/v3/pkg/workflow/session.go:201.27,202.20 1 0
github.com/honeydipper/honeydipper/v3/pkg/workflow/session.go:203.25,204.19 1 0
github.com/honeydipper/honeydipper/v3/pkg/workflow/session.go:207.2,207.14 1 1
github.com/honeydipper/honeydipper/v3/pkg/workflow/session.go:211.33,218.2 1 1
github.com/honeydipper/honeydipper/v3/pkg/workflow/session.go:221.38,223.2 1 1
github.com/honeydipper/honeydipper/v3/pkg/workflow/session.go:226.38,228.31 2 1
github.com/honeydipper/honeydipper/v3/pkg/workflow/session.go:228.31,230.3 1 1
github.com/honeydipper/honeydipper/v3/pkg/workflow/session.go:230.8,232.3 1 0
github.com/honeydipper/honeydipper/v3/pkg/workflow/session.go:234.2,234.17 1 1
github.com/honeydipper/honeydipper/v3/pkg/workflow/session.go:238.37,240.2 1 1
github.com/honeydipper/honeydipper/v3/pkg/workflow/session.go:243.26,245.2 1 0
github.com/honeydipper/honeydipper/v3/pkg/workflow/session.go:248.48,253.53 2 0
github.com/honeydipper/honeydipper/v3/pkg/workflow/session.go:253.53,255.3 1 0
github.com/honeydipper/honeydipper/v3/pkg/workflow/session.go:256.2,258.23 2 0
github.com/honeydipper/honeydipper/v3/pkg/workflow/session.go:262.41,264.8 2 0
github.com/honeydipper/honeydipper/v3/pkg/workflow/session.go:264.8,266.3 1 0
github.com/honeydipper/honeydipper/v3/pkg/workflow/session.go:268.2,268.11 1 0
github.com/honeydipper/honeydipper/v3/pkg/workflow/session.go:272.38,273.21 1 1
github.com/honeydipper/honeydipper/v3/pkg/workflow/session.go:273.21,275.3 1 1
github.com/honeydipper/honeydipper/v3/pkg/workflow/session.go:277.2,278.9 2 1
github.com/honeydipper/honeydipper/v3/pkg/workflow/session.go:279.33,279.33 0 0
github.com/honeydipper/honeydipper/v3/pkg/workflow/session.go:280.22,280.22 0 1
github.com/honeydipper/honeydipper/v3/pkg/workflow/session.go:281.35,281.35 0 0
github.com/honeydipper/honeydipper/v3/pkg/workflow/session.go:282.37,282.37 0 0
github.com/honeydipper/honeydipper/v3/pkg/workflow/session.go:283.34,283.34 0 0
github.com/honeydipper/honeydipper/v3/pkg/workflow/session.go:284.36,284.36 0 0
github.com/honeydipper/honeydipper/v3/pkg/workflow/session.go:285.29,285.29 0 0
github.com/honeydipper/honeydipper/v3/pkg/workflow/session.go:286.31,286.31 0 0
github.com/honeydipper/honeydipper/v3/pkg/workflow/session.go:287.31,287.31 0 0
github.com/honeydipper/honeydipper/v3/pkg/workflow/session.go:288.10,289.13 1 1
github.com/honeydipper/honeydipper/v3/pkg/workflow/session.go:292.2,294.12 2 1
github.com/honeydipper/honeydipper/v3/pkg/workflow/session.go:298.31,300.48 2 0
github.com/honeydipper/honeydipper/v3/pkg/workflow/session.go:300.48,302.3 1 0
github.com/honeydipper/honeydipper/v3/pkg/workflow/session.go:304.2,304.58 1 0
github.com/honeydipper/honeydipper/v3/pkg/workflow/session.go:308.49,310.40 2 0
github.com/honeydipper/honeydipper/v3/pkg/workflow/session.go:310.40,312.3 1 0
github.com/honeydipper/honeydipper/v3/pkg/workflow/session.go:313.2,325.33 3 0
github.com/honeydipper/honeydipper/v3/pkg/workflow/session.go:325.33,327.28 2 0
github.com/honeydipper/honeydipper/v3/pkg/workflow/session.go:327.28,329.4 1 0
github.com/honeydipper/honeydipper/v3/pkg/workflow/session.go:330.3,330.41 1 0
github.com/honeydipper/honeydipper/v3/pkg/workflow/session.go:331.8,331.95 1 0
github.com/honeydipper/honeydipper/v3/pkg/workflow/session.go:331.95,333.3 1 0
github.com/honeydipper/honeydipper/v3/pkg/workflow/session.go:335.2,335.12 1 0
github.com/honeydipper/honeydipper/v3/pkg/workflow/session_init.go:21.71,38.2 4 0
github.com/honeydipper/honeydipper/v3/pkg/workflow/session_init.go:41.55,53.2 10 0
github.com/honeydipper/honeydipper/v3/pkg/workflow/session_init.go:56.50,59.20 3 0
github.com/honeydipper/honeydipper/v3/pkg/workflow/session_init.go:59.20,61.18 2 0
github.com/honeydipper/honeydipper/v3/pkg/workflow/session_init.go:61.18,63.4 1 0
github.com/honeydipper/honeydipper/v3/pkg/workflow/session_init.go:63.9,65.4 1 0
github.com/honeydipper/honeydipper/v3/pkg/workflow/session_init.go:66.3,66.36 1 0
github.com/honeydipper/honeydipper/v3/pkg/workflow/session_init.go:71.63,73.27 2 0
github.com/honeydipper/honeydipper/v3/pkg/workflow/session_init.go:73.27,75.3 1 0
github.com/honeydipper/honeydipper/v3/pkg/workflow/session_init.go:77.2,77.22 1 0
github.com/honeydipper/honeydipper/v3/pkg/workflow/session_init.go:77.22,79.3 1 0
github.com/honeydipper/honeydipper/v3/pkg/workflow/session_init.go:81.2,83.21 3 0
github.com/honeydipper/honeydipper/v3/pkg/workflow/session_init.go:83.21,93.3 4 0
github.com/honeydipper/honeydipper/v3/pkg/workflow/session_init.go:95.2,95.39 1 0
github.com/honeydipper/honeydipper/v3/pkg/workflow/session_init.go:95.39,97.9 2 0
github.com/honeydipper/honeydipper/v3/pkg/workflow/session_init.go:97.9,101.4 3 0
github.com/honeydipper/honeydipper/v3/pkg/workflow/session_init.go:104.2,104.27 1 0
github.com/honeydipper/honeydipper/v3/pkg/workflow/session_init.go:104.27,106.9 2 0
github.com/honeydipper/honeydipper/v3/pkg/workflow/session_init.go:106.9,117.4 4 0
github.com/honeydipper/honeydipper/v3/pkg/workflow/session_init.go:122.32,127.30 4 0
github.com/honeydipper/honeydipper/v3/pkg/workflow/session_init.go:127.30,128.61 1 0
github.com/honeydipper/honeydipper/v3/pkg/workflow/session_init.go:128.61,131.4 2 0
github.com/honeydipper/honeydipper/v3/pkg/workflow/session_init.go:134.2,134.32 1 0
github.com/honeydipper/honeydipper/v3/pkg/workflow/session_init.go:134.32,135.57 1 0
github.com/honeydipper/honeydipper/v3/pkg/workflow/session_init.go:135.57,136.16 1 0
github.com/honeydipper/honeydipper/v3/pkg/workflow/session_init.go:136.16,137.13 1 0
github.com/honeydipper/honeydipper/v3/pkg/workflow/session_init.go:139.4,140.11 2 0
github.com/honeydipper/honeydipper/v3/pkg/workflow/session_init.go:140.11,141.117 1 0
github.com/honeydipper/honeydipper/v3/pkg/workflow/session_init.go:143.4,143.18 1 0
github.com/honeydipper/honeydipper/v3/pkg/workflow/session_init.go:143.18,144.13 1 0
github.com/honeydipper/honeydipper/v3/pkg/workflow/session_init.go:147.4,147.48 1 0
github.com/honeydipper/honeydipper/v3/pkg/workflow/session_init.go:147.48,150.5 2 0
github.com/honeydipper/honeydipper/v3/pkg/workflow/session_init.go:156.62,157.16 1 0
github.com/honeydipper/honeydipper/v3/pkg/workflow/session_init.go:157.16,159.3 1 0
github.com/honeydipper/honeydipper/v3/pkg/workflow/session_init.go:163.60,165.39 2 0
github.com/honeydipper/honeydipper/v3/pkg/workflow/session_init.go:165.39,167.22 2 0
github.com/honeydipper/honeydipper/v3/pkg/workflow/session_init.go:167.22,169.4 1 0
github.com/honeydipper/honeydipper/v3/pkg/workflow/session_init.go:172.2,172.40 1 0
github.com/honeydipper/honeydipper/v3/pkg/workflow/session_init.go:172.40,174.3 1 0
github.com/honeydipper/honeydipper/v3/pkg/workflow/session_init.go:176.2,178.14 2 0
github.com/honeydipper/honeydipper/v3/pkg/workflow/session_init.go:178.14,181.3 1 0
github.com/honeydipper/honeydipper/v3/pkg/workflow/session_init.go:185.36,186.60 1 0
github.com/honeydipper/honeydipper/v3/pkg/workflow/session_init.go:186.60,188.10 2 0
github.com/honeydipper/honeydipper/v3/pkg/workflow/session_init.go:188.10,190.4 1 0
github.com/honeydipper/honeydipper/v3/pkg/workflow/session_init.go:191.3,191.28 1 0
github.com/honeydipper/honeydipper/v3/pkg/workflow/session_init.go:191.28,196.4 4 0
github.com/honeydipper/honeydipper/v3/pkg/workflow/session_init.go:201.41,222.44 19 0
github.com/honeydipper/honeydipper/v3/pkg/workflow/session_init.go:222.44,224.3 1 0
github.com/honeydipper/honeydipper/v3/pkg/workflow/session_init.go:225.2,226.60 2 0
github.com/honeydipper/honeydipper/v3/pkg/workflow/session_init.go:226.60,228.3 1 0
github.com/honeydipper/honeydipper/v3/pkg/workflow/session_init.go:229.2,229.30 1 0
github.com/honeydipper/honeydipper/v3/pkg/workflow/session_init.go:229.30,231.3 1 0
github.com/honeydipper/honeydipper/v3/pkg/workflow/session_init.go:261.2,261.19 1 0
github.com/honeydipper/honeydipper/v3/pkg/workflow/session_init.go:265.54,267.30 2 0
github.com/honeydipper/honeydipper/v3/pkg/workflow/session_init.go:267.30,269.3 1 0
github.com/honeydipper/honeydipper/v3/pkg/workflow/session_init.go:270.2,270.32 1 0
github.com/honeydipper/honeydipper/v3/pkg/workflow/session_init.go:270.32,272.3 1 0
github.com/honeydipper/honeydipper/v3/pkg/workflow/session_init.go:276.90,277.19 1 0
github.com/honeydipper/honeydipper/v3/pkg/workflow/session_init.go:277.19,281.3 3 0
github.com/honeydipper/honeydipper/v3/pkg/workflow/session_init.go:281.8,283.3 1 0
github.com/honeydipper/honeydipper/v3/pkg/workflow/session_init.go:284.2,288.128 5 0
github.com/honeydipper/honeydipper/v3/pkg/workflow/store.go:83.41,92.2 2 0
github.com/honeydipper/honeydipper/v3/pkg/workflow/store.go:95.75,103.17 3 0
github.com/honeydipper/honeydipper/v3/pkg/workflow/store.go:103.17,105.3 1 0
github.com/honeydipper/honeydipper/v3/pkg/workflow/store.go:107.2,110.10 3 0
github.com/honeydipper/honeydipper/v3/pkg/workflow/store.go:114.94,115.6 1 0
github.com/honeydipper/honeydipper/v3/pkg/workflow/store.go:115.6,118.15 3 0
github.com/honeydipper/honeydipper/v3/pkg/workflow/store.go:118.15,119.70 1 0
github.com/honeydipper/honeydipper/v3/pkg/workflow/store.go:122.3,122.34 1 0
github.com/honeydipper/honeydipper/v3/pkg/workflow/store.go:122.34,124.4 1 0
github.com/honeydipper/honeydipper/v3/pkg/workflow/store.go:125.3,134.55 2 0
github.com/honeydipper/honeydipper/v3/pkg/workflow/store.go:134.55,135.14 1 0
github.com/honeydipper/honeydipper/v3/pkg/workflow/store.go:137.3,137.10 1 0
github.com/honeydipper/honeydipper/v3/pkg/workflow/store.go:138.21,139.20 1 0
github.com/honeydipper/honeydipper/v3/pkg/workflow/store.go:140.11,140.11 0 0
